ParseStarterProject/build/outputs/mapping/release/seeds.txt
com.parse.starter.BuildConfig
com.parse.starter.BuildConfig: boolean DEBUG
com.parse.starter.BuildConfig: java.lang.String APPLICATION_ID
com.parse.starter.BuildConfig: java.lang.String BUILD_TYPE
com.parse.starter.BuildConfig: java.lang.String FLAVOR
com.parse.starter.BuildConfig: int VERSION_CODE
com.parse.starter.BuildConfig: java.lang.String VERSION_NAME
com.parse.starter.BuildConfig: BuildConfig()
com.parse.starter.ChatActivity
com.parse.starter.ChatActivity: java.lang.String activeUser
com.parse.starter.ChatActivity: java.util.ArrayList messages
com.parse.starter.ChatActivity: android.widget.ArrayAdapter arrayAdapter
com.parse.starter.ChatActivity: ChatActivity()
com.parse.starter.ChatActivity: void sendChat(android.view.View)
com.parse.starter.ChatActivity: void onCreate(android.os.Bundle)
com.parse.starter.ChatActivity$1
com.parse.starter.ChatActivity$1: java.lang.String val$messageContent
com.parse.starter.ChatActivity$1: com.parse.starter.ChatActivity this$0
com.parse.starter.ChatActivity$1: ChatActivity$1(com.parse.starter.ChatActivity,java.lang.String)
com.parse.starter.ChatActivity$1: void done(com.parse.ParseException)
com.parse.starter.ChatActivity$1: void done(java.lang.Throwable)
com.parse.starter.ChatActivity$2
com.parse.starter.ChatActivity$2: com.parse.starter.ChatActivity this$0
com.parse.starter.ChatActivity$2: ChatActivity$2(com.parse.starter.ChatActivity)
com.parse.starter.ChatActivity$2: void done(java.util.List,com.parse.ParseException)
com.parse.starter.ChatActivity$2: void done(java.lang.Object,java.lang.Throwable)
com.parse.starter.MainActivity
com.parse.starter.MainActivity: java.lang.Boolean loginModeActive
com.parse.starter.MainActivity: MainActivity()
com.parse.starter.MainActivity: void redirectIfLoggedIn()
com.parse.starter.MainActivity: void toggleLoginMode(android.view.View)
com.parse.starter.MainActivity: void signupLogin(android.view.View)
com.parse.starter.MainActivity: void onCreate(android.os.Bundle)
com.parse.starter.MainActivity$1
com.parse.starter.MainActivity$1: com.parse.starter.MainActivity this$0
com.parse.starter.MainActivity$1: MainActivity$1(com.parse.starter.MainActivity)
com.parse.starter.MainActivity$1: void done(com.parse.ParseUser,com.parse.ParseException)
com.parse.starter.MainActivity$1: void done(java.lang.Object,java.lang.Throwable)
com.parse.starter.MainActivity$2
com.parse.starter.MainActivity$2: com.parse.starter.MainActivity this$0
com.parse.starter.MainActivity$2: MainActivity$2(com.parse.starter.MainActivity)
com.parse.starter.MainActivity$2: void done(com.parse.ParseException)
com.parse.starter.MainActivity$2: void done(java.lang.Throwable)
com.parse.starter.Manifest
com.parse.starter.Manifest: Manifest()
com.parse.starter.Manifest$permission
com.parse.starter.Manifest$permission: java.lang.String C2D_MESSAGE
com.parse.starter.Manifest$permission: Manifest$permission()
com.parse.starter.R
com.parse.starter.R: R()
com.parse.starter.R$anim
com.parse.starter.R$anim: int abc_fade_in
com.parse.starter.R$anim: int abc_fade_out
com.parse.starter.R$anim: int abc_grow_fade_in_from_bottom
com.parse.starter.R$anim: int abc_popup_enter
com.parse.starter.R$anim: int abc_popup_exit
com.parse.starter.R$anim: int abc_shrink_fade_out_from_bottom
com.parse.starter.R$anim: int abc_slide_in_bottom
com.parse.starter.R$anim: int abc_slide_in_top
com.parse.starter.R$anim: int abc_slide_out_bottom
com.parse.starter.R$anim: int abc_slide_out_top
com.parse.starter.R$anim: R$anim()
com.parse.starter.R$array
com.parse.starter.R$array: int cast_expanded_controller_default_control_buttons
com.parse.starter.R$array: int cast_mini_controller_default_control_buttons
com.parse.starter.R$array: R$array()
...
com.parse.ParseHttpClient
com.parse.ParseHttpClient: java.lang.String TAG
com.parse.ParseHttpClient: java.lang.String APACHE_HTTPCLIENT_NAME
com.parse.ParseHttpClient: java.lang.String URLCONNECTION_NAME
com.parse.ParseHttpClient: java.lang.String OKHTTP_NAME
com.parse.ParseHttpClient: java.lang.String OKHTTPCLIENT_PATH
com.parse.ParseHttpClient: java.lang.String MAX_CONNECTIONS_PROPERTY_NAME
com.parse.ParseHttpClient: java.lang.String KEEP_ALIVE_PROPERTY_NAME
com.parse.ParseHttpClient: boolean hasExecuted
com.parse.ParseHttpClient: java.util.List internalInterceptors
com.parse.ParseHttpClient: java.util.List externalInterceptors
com.parse.ParseHttpClient: ParseHttpClient()
com.parse.ParseHttpClient: com.parse.ParseHttpClient createClient(int,android.net.SSLSessionCache)
com.parse.ParseHttpClient: void setMaxConnections(int)
com.parse.ParseHttpClient: void setKeepAlive(boolean)
com.parse.ParseHttpClient: boolean hasOkHttpOnClasspath()
com.parse.ParseHttpClient: com.parse.http.ParseHttpResponse executeInternal(com.parse.http.ParseHttpRequest)
com.parse.ParseHttpClient: java.lang.Object getRequest(com.parse.http.ParseHttpRequest)
com.parse.ParseHttpClient: com.parse.http.ParseHttpResponse getResponse(java.lang.Object)
com.parse.ParseHttpClient: void addInternalInterceptor(com.parse.http.ParseNetworkInterceptor)
com.parse.ParseHttpClient: void addExternalInterceptor(com.parse.http.ParseNetworkInterceptor)
com.parse.ParseHttpClient$ParseNetworkInterceptorChain
com.parse.ParseHttpClient$ParseNetworkInterceptorChain: int internalIndex
com.parse.ParseHttpClient$ParseNetworkInterceptorChain: int externalIndex
com.parse.ParseHttpClient$ParseNetworkInterceptorChain: com.parse.http.ParseHttpRequest request
com.parse.ParseHttpClient$ParseNetworkInterceptorChain: com.parse.ParseHttpClient this$0
com.parse.ParseHttpClient$ParseNetworkInterceptorChain: ParseHttpClient$ParseNetworkInterceptorChain(com.parse.ParseHttpClient,int,int,com.parse.http.ParseHttpRequest)
com.parse.ParseHttpClient$ParseNetworkInterceptorChain: com.parse.http.ParseHttpRequest getRequest()
com.parse.ParseHttpClient$ParseNetworkInterceptorChain: com.parse.http.ParseHttpResponse proceed(com.parse.http.ParseHttpRequest)
com.parse.ParseIOUtils
com.parse.ParseIOUtils: int EOF
com.parse.ParseIOUtils: int DEFAULT_BUFFER_SIZE
com.parse.ParseIOUtils: int SKIP_BUFFER_SIZE
com.parse.ParseIOUtils: byte[] SKIP_BYTE_BUFFER
com.parse.ParseIOUtils: ParseIOUtils()
com.parse.ParseIOUtils: byte[] toByteArray(java.io.InputStream)
com.parse.ParseIOUtils: int copy(java.io.InputStream,java.io.OutputStream)
com.parse.ParseIOUtils: long copyLarge(java.io.InputStream,java.io.OutputStream)
com.parse.ParseIOUtils: long copyLarge(java.io.InputStream,java.io.OutputStream,byte[])
com.parse.ParseIOUtils: long copyLarge(java.io.InputStream,java.io.OutputStream,long,long)
com.parse.ParseIOUtils: long skip(java.io.InputStream,long)
com.parse.ParseIOUtils: long copyLarge(java.io.InputStream,java.io.OutputStream,long,long,byte[])
com.parse.ParseIOUtils: void skipFully(java.io.InputStream,long)
com.parse.ParseIOUtils: void closeQuietly(java.io.InputStream)
com.parse.ParseIOUtils: void closeQuietly(java.io.OutputStream)
com.parse.ParseIOUtils: void closeQuietly(java.io.Closeable)
com.parse.ParseImpreciseDateFormat
com.parse.ParseImpreciseDateFormat: java.lang.String TAG
com.parse.ParseImpreciseDateFormat: com.parse.ParseImpreciseDateFormat INSTANCE
com.parse.ParseImpreciseDateFormat: java.lang.Object lock
com.parse.ParseImpreciseDateFormat: java.text.DateFormat dateFormat
com.parse.ParseImpreciseDateFormat: com.parse.ParseImpreciseDateFormat getInstance()
com.parse.ParseImpreciseDateFormat: ParseImpreciseDateFormat()
com.parse.ParseImpreciseDateFormat: java.util.Date parse(java.lang.String)
com.parse.ParseImpreciseDateFormat: java.lang.String format(java.util.Date)
com.parse.ParseImpreciseDateFormat: void <clinit>()