ParseStarterProject/build/outputs/mapping/release/usage.txt
com.parse.starter.BuildConfig
com.parse.starter.Manifest
com.parse.starter.Manifest$permission
com.parse.starter.R
com.parse.starter.R$anim
com.parse.starter.R$array
com.parse.starter.R$attr
com.parse.starter.R$bool
com.parse.starter.R$color
com.parse.starter.R$dimen
com.parse.starter.R$drawable
com.parse.starter.R$id
com.parse.starter.R$integer
com.parse.starter.R$layout
com.parse.starter.R$mipmap
com.parse.starter.R$raw
com.parse.starter.R$string
com.parse.starter.R$style
com.parse.starter.R$styleable
...
com.google.android.gms.ads.mediation.customevent.CustomEventExtras:
    public void setExtra(java.lang.String,java.lang.Object)
com.google.android.gms.ads.mediation.customevent.CustomEventInterstitialListener:
    public abstract void onAdLoaded()
com.google.android.gms.ads.mediation.customevent.CustomEventListener
com.google.android.gms.ads.mediation.customevent.CustomEventNativeListener:
    public abstract void onAdLoaded(com.google.android.gms.ads.mediation.NativeAdMapper)
    public abstract void onAdImpression()
com.google.android.gms.ads.purchase.InAppPurchase:
    public static final int RESOLUTION_FAILURE
    public static final int RESOLUTION_SUCCESS
    public static final int RESOLUTION_CANCELED
    public static final int RESOLUTION_INVALID_PRODUCT
    public abstract java.lang.String getProductId()
    public abstract void recordResolution(int)
    public abstract void recordPlayBillingResolution(int)
com.google.android.gms.ads.purchase.InAppPurchaseActivity:
    public static final java.lang.String CLASS_NAME
    public static final java.lang.String SIMPLE_CLASS_NAME
com.google.android.gms.ads.purchase.InAppPurchaseResult:
    public abstract java.lang.String getProductId()
    public abstract android.content.Intent getPurchaseData()
    public abstract int getResultCode()
    public abstract boolean isVerified()
    public abstract void finishPurchase()
com.google.android.gms.ads.reward.RewardedVideoAd
com.google.android.gms.ads.reward.mediation.MediationRewardedVideoAdAdapter:
    public static final java.lang.String CUSTOM_EVENT_SERVER_PARAMETER_FIELD
com.google.android.gms.ads.reward.mediation.MediationRewardedVideoAdListener:
    public abstract void onInitializationFailed(com.google.android.gms.ads.reward.mediation.MediationRewardedVideoAdAdapter,int)
    public abstract void onAdClicked(com.google.android.gms.ads.reward.mediation.MediationRewardedVideoAdAdapter)
com.google.android.gms.ads.search.DynamicHeightSearchAdRequest
com.google.android.gms.ads.search.DynamicHeightSearchAdRequest$1
com.google.android.gms.ads.search.DynamicHeightSearchAdRequest$Builder
com.google.android.gms.ads.search.SearchAdRequest:
    public static final int ERROR_CODE_INTERNAL_ERROR
    public static final int ERROR_CODE_INVALID_REQUEST
    public static final int ERROR_CODE_NETWORK_ERROR
    public static final int ERROR_CODE_NO_FILL
    public static final int BORDER_TYPE_NONE
    public static final int BORDER_TYPE_DASHED
    public static final int BORDER_TYPE_DOTTED
    public static final int BORDER_TYPE_SOLID
    public static final int CALL_BUTTON_COLOR_LIGHT
    public static final int CALL_BUTTON_COLOR_MEDIUM
    public static final int CALL_BUTTON_COLOR_DARK
    private final com.google.android.gms.ads.internal.client.zzad zzaic
    private SearchAdRequest(com.google.android.gms.ads.search.SearchAdRequest$Builder)
    public android.location.Location getLocation()
    public com.google.android.gms.ads.mediation.NetworkExtras getNetworkExtras(java.lang.Class)
    public android.os.Bundle getNetworkExtrasBundle(java.lang.Class)
    public android.os.Bundle getCustomEventExtrasBundle(java.lang.Class)
    public boolean isTestDevice(android.content.Context)
    com.google.android.gms.ads.internal.client.zzad zzdc()
    synthetic SearchAdRequest(com.google.android.gms.ads.search.SearchAdRequest$Builder,com.google.android.gms.ads.search.SearchAdRequest$1)
com.google.android.gms.ads.search.SearchAdRequest$1
com.google.android.gms.ads.search.SearchAdRequest$Builder
com.google.android.gms.ads.search.SearchAdView:
    public void destroy()
    public void loadAd(com.google.android.gms.ads.search.SearchAdRequest)
    public void loadAd(com.google.android.gms.ads.search.DynamicHeightSearchAdRequest)
    public void pause()
    public void resume()
com.google.android.gms.analytics.AnalyticsReceiver
com.google.android.gms.analytics.AnalyticsService